Using pre-set license
Built from '2021.3/release' branch; Version is '2021.3.12f1 (8af3c3e441b1) revision 9106371'; Using compiler version '192829333'; Build Type 'Release'
OS: 'Windows 10  (10.0.19045) 64bit Professional' Language: 'en' Physical Memory: 16313 MB
BatchMode: 1, IsHumanControllingUs: 0, StartBugReporterOnCrash: 0, Is64bit: 1, IsPro: 1

COMMAND LINE ARGUMENTS:
C:\Program Files\Unity\Hub\Editor\2021.3.12f1\Editor\Unity.exe
-adb2
-batchMode
-noUpm
-name
AssetImportWorker0
-projectPath
C:/Users/user/Desktop/Action Adventure video game
-logFile
Logs/AssetImportWorker0.log
-srvPort
63623
Successfully changed project path to: C:/Users/user/Desktop/Action Adventure video game
C:/Users/user/Desktop/Action Adventure video game
[UnityMemory] Configuration Parameters - Can be set up in boot.config
    "memorysetup-bucket-allocator-granularity=16"
    "memorysetup-bucket-allocator-bucket-count=8"
    "memorysetup-bucket-allocator-block-size=33554432"
    "memorysetup-bucket-allocator-block-count=8"
    "memorysetup-main-allocator-block-size=16777216"
    "memorysetup-thread-allocator-block-size=16777216"
    "memorysetup-gfx-main-allocator-block-size=16777216"
    "memorysetup-gfx-thread-allocator-block-size=16777216"
    "memorysetup-cache-allocator-block-size=4194304"
    "memorysetup-typetree-allocator-block-size=2097152"
    "memorysetup-profiler-bucket-allocator-granularity=16"
    "memorysetup-profiler-bucket-allocator-bucket-count=8"
    "memorysetup-profiler-bucket-allocator-block-size=33554432"
    "memorysetup-profiler-bucket-allocator-block-count=8"
    "memorysetup-profiler-allocator-block-size=16777216"
    "memorysetup-profiler-editor-allocator-block-size=1048576"
    "memorysetup-temp-allocator-size-main=16777216"
    "memorysetup-job-temp-allocator-block-size=2097152"
    "memorysetup-job-temp-allocator-block-size-background=1048576"
    "memorysetup-job-temp-allocator-reduction-small-platforms=262144"
    "memorysetup-temp-allocator-size-background-worker=32768"
    "memorysetup-temp-allocator-size-job-worker=262144"
    "memorysetup-temp-allocator-size-preload-manager=33554432"
    "memorysetup-temp-allocator-size-nav-mesh-worker=65536"
    "memorysetup-temp-allocator-size-audio-worker=65536"
    "memorysetup-temp-allocator-size-cloud-worker=32768"
    "memorysetup-temp-allocator-size-gi-baking-worker=262144"
    "memorysetup-temp-allocator-size-gfx=262144"
Refreshing native plugins compatible for Editor in 41.03 ms, found 2 plugins.
Preloading 0 native plugins for Editor in 0.00 ms.
Initialize engine version: 2021.3.12f1 (8af3c3e441b1)
[Subsystems] Discovering subsystems at path C:/Program Files/Unity/Hub/Editor/2021.3.12f1/Editor/Data/Resources/UnitySubsystems
[Subsystems] Discovering subsystems at path C:/Users/user/Desktop/Action Adventure video game/Assets
GfxDevice: creating device client; threaded=0; jobified=0
Direct3D:
    Version:  Direct3D 11.0 [level 11.1]
    Renderer: NVIDIA GeForce RTX 2070 (ID=0x1f07)
    Vendor:   NVIDIA
    VRAM:     8019 MB
    Driver:   31.0.15.3179
Initialize mono
Mono path[0] = 'C:/Program Files/Unity/Hub/Editor/2021.3.12f1/Editor/Data/Managed'
Mono path[1] = 'C:/Program Files/Unity/Hub/Editor/2021.3.12f1/Editor/Data/MonoBleedingEdge/lib/mono/unityjit-win32'
Mono config path = 'C:/Program Files/Unity/Hub/Editor/2021.3.12f1/Editor/Data/MonoBleedingEdge/etc'
Using monoOptions --debugger-agent=transport=dt_socket,embedding=1,server=y,suspend=n,address=127.0.0.1:56112
Begin MonoManager ReloadAssembly
Registering precompiled unity dll's ...
Register platform support module: C:/Program Files/Unity/Hub/Editor/2021.3.12f1/Editor/Data/PlaybackEngines/WebGLSupport/UnityEditor.WebGL.Extensions.dll
Register platform support module: C:/Program Files/Unity/Hub/Editor/2021.3.12f1/Editor/Data/PlaybackEngines/WindowsStandaloneSupport/UnityEditor.WindowsStandalone.Extensions.dll
Registered in 0.013937 seconds.
Native extension for WindowsStandalone target not found
Native extension for WebGL target not found
Refreshing native plugins compatible for Editor in 41.83 ms, found 2 plugins.
Preloading 0 native plugins for Editor in 0.00 ms.
Mono: successfully reloaded assembly
- Completed reload, in  0.701 seconds
Domain Reload Profiling:
	ReloadAssembly (702ms)
		BeginReloadAssembly (89ms)
			ExecutionOrderSort (0ms)
			DisableScriptedObjects (0ms)
			BackupInstance (0ms)
			ReleaseScriptingObjects (0ms)
			CreateAndSetChildDomain (1ms)
		EndReloadAssembly (484ms)
			LoadAssemblies (86ms)
			RebuildTransferFunctionScriptingTraits (0ms)
			SetupTypeCache (116ms)
			ReleaseScriptCaches (0ms)
			RebuildScriptCaches (31ms)
			SetupLoadedEditorAssemblies (277ms)
				LogAssemblyErrors (0ms)
				InitializePlatformSupportModulesInManaged (11ms)
				SetLoadedEditorAssemblies (0ms)
				RefreshPlugins (42ms)
				BeforeProcessingInitializeOnLoad (1ms)
				ProcessInitializeOnLoadAttributes (163ms)
				ProcessInitializeOnLoadMethodAttributes (60ms)
				AfterProcessingInitializeOnLoad (0ms)
				EditorAssembliesLoaded (0ms)
			ExecutionOrderSort2 (0ms)
			AwakeInstancesAfterBackupRestoration (0ms)
Platform modules already initialized, skipping
Registering precompiled user dll's ...
Registered in 0.005011 seconds.
Begin MonoManager ReloadAssembly
Native extension for WindowsStandalone target not found
Native extension for WebGL target not found
Refreshing native plugins compatible for Editor in 44.12 ms, found 2 plugins.
Preloading 0 native plugins for Editor in 0.00 ms.
Mono: successfully reloaded assembly
- Completed reload, in  1.119 seconds
Domain Reload Profiling:
	ReloadAssembly (1120ms)
		BeginReloadAssembly (135ms)
			ExecutionOrderSort (0ms)
			DisableScriptedObjects (8ms)
			BackupInstance (0ms)
			ReleaseScriptingObjects (0ms)
			CreateAndSetChildDomain (22ms)
		EndReloadAssembly (855ms)
			LoadAssemblies (91ms)
			RebuildTransferFunctionScriptingTraits (0ms)
			SetupTypeCache (220ms)
			ReleaseScriptCaches (0ms)
			RebuildScriptCaches (45ms)
			SetupLoadedEditorAssemblies (459ms)
				LogAssemblyErrors (0ms)
				InitializePlatformSupportModulesInManaged (7ms)
				SetLoadedEditorAssemblies (0ms)
				RefreshPlugins (44ms)
				BeforeProcessingInitializeOnLoad (74ms)
				ProcessInitializeOnLoadAttributes (288ms)
				ProcessInitializeOnLoadMethodAttributes (29ms)
				AfterProcessingInitializeOnLoad (16ms)
				EditorAssembliesLoaded (0ms)
			ExecutionOrderSort2 (0ms)
			AwakeInstancesAfterBackupRestoration (8ms)
Platform modules already initialized, skipping
========================================================================
Worker process is ready to serve import requests
Launched and connected shader compiler UnityShaderCompiler.exe after 0.07 seconds
Refreshing native plugins compatible for Editor in 0.50 ms, found 2 plugins.
Preloading 0 native plugins for Editor in 0.00 ms.
Unloading 2067 Unused Serialized files (Serialized files now loaded: 0)
Unloading 22 unused Assets / (56.4 KB). Loaded Objects now: 2542.
Memory consumption went from 89.2 MB to 89.1 MB.
Total: 3.501700 ms (FindLiveObjects: 0.308200 ms CreateObjectMapping: 0.118000 ms MarkObjects: 3.003000 ms  DeleteObjects: 0.071600 ms)

AssetImportParameters requested are different than current active one (requested -> active):
  custom:video-decoder-ogg-theora: a1e56fd34408186e4bbccfd4996cb3dc -> 
  custom:container-muxer-webm: aa71ff27fc2769a1b78a27578f13a17b -> 
  custom:container-demuxer-webm: 4f35f7cbe854078d1ac9338744f61a02 -> 
  custom:video-encoder-webm-vp8: eb34c28f22e8b96e1ab97ce403110664 -> 
  custom:audio-encoder-webm-vorbis: bf7c407c2cedff20999df2af8eb42d56 -> 
  custom:framework-win-MediaFoundation: 216162199b28c13a410421893ffa2e32 -> 
  custom:container-demuxer-ogg: 62fdf1f143b41e24485cea50d1cbac27 -> 
  custom:video-decoder-webm-vp8: 9c59270c3fd7afecdb556c50c9e8de78 -> 
  custom:audio-decoder-ogg-vorbis: bf7c407c2cedff20999df2af8eb42d56 -> 
========================================================================
Received Import Request.
  Time since last request: 13118.702669 seconds.
  path: Assets/Attack01.asset
  artifactKey: Guid(02d80f27375984e44a046d9e2d13055e) Importer(815301076,1909f56bfc062723c751e8b465ee728b)
Start importing Assets/Attack01.asset using Guid(02d80f27375984e44a046d9e2d13055e) Importer(815301076,1909f56bfc062723c751e8b465ee728b)  -> (artifact id: '5d022a46aadb7b41361fff779dc69994') in 0.055317 seconds 
========================================================================
Received Import Request.
  Time since last request: 2.330603 seconds.
  path: Assets/InputSystem.inputsettings.asset
  artifactKey: Guid(9bc9e9e450359fb44a2a9d9fd5988dfb) Importer(815301076,1909f56bfc062723c751e8b465ee728b)
Start importing Assets/InputSystem.inputsettings.asset using Guid(9bc9e9e450359fb44a2a9d9fd5988dfb) Importer(815301076,1909f56bfc062723c751e8b465ee728b)  -> (artifact id: 'cd4593379b2c6f4310c10cf4193f9ed6') in 0.002962 seconds 
========================================================================
Received Import Request.
  Time since last request: 0.003790 seconds.
  path: Assets/X Bot@Stand To Roll.fbx
  artifactKey: Guid(eaabb160a573c5b49a3feece060a5dd9) Importer(815301076,1909f56bfc062723c751e8b465ee728b)
Start importing Assets/X Bot@Stand To Roll.fbx using Guid(eaabb160a573c5b49a3feece060a5dd9) Importer(815301076,1909f56bfc062723c751e8b465ee728b)  -> (artifact id: 'b977546e13302c4e0705f06146817fb3') in 0.284467 seconds 
========================================================================
Received Import Request.
  Time since last request: 4.178100 seconds.
  path: Assets/AmbushState.cs
  artifactKey: Guid(999e1ad6357787e43ba934abadc0b4f8) Importer(815301076,1909f56bfc062723c751e8b465ee728b)
Start importing Assets/AmbushState.cs using Guid(999e1ad6357787e43ba934abadc0b4f8) Importer(815301076,1909f56bfc062723c751e8b465ee728b)  -> (artifact id: '7a4e9cab9b6a5d781769cbf7370b9eb5') in 0.003793 seconds 
========================================================================
Received Import Request.
  Time since last request: 5.842566 seconds.
  path: Assets/AnimationManager.cs
  artifactKey: Guid(d502a4c00ee864d4a979cde35d324d19) Importer(815301076,1909f56bfc062723c751e8b465ee728b)
Start importing Assets/AnimationManager.cs using Guid(d502a4c00ee864d4a979cde35d324d19) Importer(815301076,1909f56bfc062723c751e8b465ee728b)  -> (artifact id: '1a39506697f602871af259f6a11febe7') in 0.001698 seconds 
========================================================================
Received Import Request.
  Time since last request: 2.504396 seconds.
  path: Assets/AnimatorHandler.cs
  artifactKey: Guid(975dc2bea1d5d7340ae94e6bae08b391) Importer(815301076,1909f56bfc062723c751e8b465ee728b)
Start importing Assets/AnimatorHandler.cs using Guid(975dc2bea1d5d7340ae94e6bae08b391) Importer(815301076,1909f56bfc062723c751e8b465ee728b)  -> (artifact id: '50afb40dae966ebfb5fdd81a706e0a99') in 0.001360 seconds 
========================================================================
Received Import Request.
  Time since last request: 42.478511 seconds.
  path: Assets/AnimatorHandler.cs
  artifactKey: Guid(975dc2bea1d5d7340ae94e6bae08b391) Importer(815301076,1909f56bfc062723c751e8b465ee728b)
Start importing Assets/AnimatorHandler.cs using Guid(975dc2bea1d5d7340ae94e6bae08b391) Importer(815301076,1909f56bfc062723c751e8b465ee728b)  -> (artifact id: 'bd33832c5fee81920b6567a6b593dbcf') in 0.001972 seconds 
========================================================================
Received Prepare
Registering precompiled user dll's ...
Registered in 0.004466 seconds.
Begin MonoManager ReloadAssembly
Native extension for WindowsStandalone target not found
Native extension for WebGL target not found
Refreshing native plugins compatible for Editor in 0.92 ms, found 2 plugins.
Preloading 0 native plugins for Editor in 0.00 ms.
Mono: successfully reloaded assembly
- Completed reload, in  1.536 seconds
Domain Reload Profiling:
	ReloadAssembly (1536ms)
		BeginReloadAssembly (175ms)
			ExecutionOrderSort (0ms)
			DisableScriptedObjects (13ms)
			BackupInstance (0ms)
			ReleaseScriptingObjects (0ms)
			CreateAndSetChildDomain (44ms)
		EndReloadAssembly (1229ms)
			LoadAssemblies (103ms)
			RebuildTransferFunctionScriptingTraits (0ms)
			SetupTypeCache (291ms)
			ReleaseScriptCaches (2ms)
			RebuildScriptCaches (43ms)
			SetupLoadedEditorAssemblies (490ms)
				LogAssemblyErrors (0ms)
				InitializePlatformSupportModulesInManaged (27ms)
				SetLoadedEditorAssemblies (1ms)
				RefreshPlugins (1ms)
				BeforeProcessingInitializeOnLoad (93ms)
				ProcessInitializeOnLoadAttributes (284ms)
				ProcessInitializeOnLoadMethodAttributes (38ms)
				AfterProcessingInitializeOnLoad (46ms)
				EditorAssembliesLoaded (0ms)
			ExecutionOrderSort2 (0ms)
			AwakeInstancesAfterBackupRestoration (235ms)
Platform modules already initialized, skipping
Refreshing native plugins compatible for Editor in 1.65 ms, found 2 plugins.
Preloading 0 native plugins for Editor in 0.00 ms.
Unloading 2060 Unused Serialized files (Serialized files now loaded: 0)
Unloading 13 unused Assets / (24.7 KB). Loaded Objects now: 2590.
Memory consumption went from 105.8 MB to 105.7 MB.
Total: 3.141500 ms (FindLiveObjects: 0.215400 ms CreateObjectMapping: 0.170700 ms MarkObjects: 2.731900 ms  DeleteObjects: 0.022200 ms)

AssetImportParameters requested are different than current active one (requested -> active):
  custom:video-decoder-ogg-theora: a1e56fd34408186e4bbccfd4996cb3dc -> 
  custom:container-muxer-webm: aa71ff27fc2769a1b78a27578f13a17b -> 
  custom:container-demuxer-webm: 4f35f7cbe854078d1ac9338744f61a02 -> 
  custom:video-encoder-webm-vp8: eb34c28f22e8b96e1ab97ce403110664 -> 
  custom:audio-encoder-webm-vorbis: bf7c407c2cedff20999df2af8eb42d56 -> 
  custom:framework-win-MediaFoundation: 216162199b28c13a410421893ffa2e32 -> 
  custom:container-demuxer-ogg: 62fdf1f143b41e24485cea50d1cbac27 -> 
  custom:video-decoder-webm-vp8: 9c59270c3fd7afecdb556c50c9e8de78 -> 
  custom:audio-decoder-ogg-vorbis: bf7c407c2cedff20999df2af8eb42d56 -> 
========================================================================
Received Import Request.
  Time since last request: 12.108947 seconds.
  path: Assets/AttackState.cs
  artifactKey: Guid(d8d53df47f0a4344f82986fdac136e8a) Importer(815301076,1909f56bfc062723c751e8b465ee728b)
Start importing Assets/AttackState.cs using Guid(d8d53df47f0a4344f82986fdac136e8a) Importer(815301076,1909f56bfc062723c751e8b465ee728b)  -> (artifact id: '6b02e1272b1dbfcfe11fcae0db7e2da7') in 0.004655 seconds 
========================================================================
Received Import Request.
  Time since last request: 14.240331 seconds.
  path: Assets/CameraHandler.cs
  artifactKey: Guid(26da075e915f8384385066749e7629c7) Importer(815301076,1909f56bfc062723c751e8b465ee728b)
Start importing Assets/CameraHandler.cs using Guid(26da075e915f8384385066749e7629c7) Importer(815301076,1909f56bfc062723c751e8b465ee728b)  -> (artifact id: 'aa69f6b7eab73b983c5c7d286ce11909') in 0.002055 seconds 
========================================================================
Received Import Request.
  Time since last request: 48.639245 seconds.
  path: Assets/CameraHandler.cs
  artifactKey: Guid(26da075e915f8384385066749e7629c7) Importer(815301076,1909f56bfc062723c751e8b465ee728b)
Start importing Assets/CameraHandler.cs using Guid(26da075e915f8384385066749e7629c7) Importer(815301076,1909f56bfc062723c751e8b465ee728b)  -> (artifact id: '469f04f7e494a6830957b59957e79c1e') in 0.001850 seconds 
========================================================================
Received Prepare
Registering precompiled user dll's ...
Registered in 0.008478 seconds.
Begin MonoManager ReloadAssembly
Native extension for WindowsStandalone target not found
Native extension for WebGL target not found
Refreshing native plugins compatible for Editor in 0.85 ms, found 2 plugins.
Preloading 0 native plugins for Editor in 0.00 ms.
Mono: successfully reloaded assembly
- Completed reload, in  1.237 seconds
Domain Reload Profiling:
	ReloadAssembly (1237ms)
		BeginReloadAssembly (183ms)
			ExecutionOrderSort (0ms)
			DisableScriptedObjects (6ms)
			BackupInstance (0ms)
			ReleaseScriptingObjects (0ms)
			CreateAndSetChildDomain (45ms)
		EndReloadAssembly (916ms)
			LoadAssemblies (131ms)
			RebuildTransferFunctionScriptingTraits (0ms)
			SetupTypeCache (272ms)
			ReleaseScriptCaches (1ms)
			RebuildScriptCaches (38ms)
			SetupLoadedEditorAssemblies (432ms)
				LogAssemblyErrors (0ms)
				InitializePlatformSupportModulesInManaged (26ms)
				SetLoadedEditorAssemblies (1ms)
				RefreshPlugins (1ms)
				BeforeProcessingInitializeOnLoad (80ms)
				ProcessInitializeOnLoadAttributes (282ms)
				ProcessInitializeOnLoadMethodAttributes (31ms)
				AfterProcessingInitializeOnLoad (10ms)
				EditorAssembliesLoaded (0ms)
			ExecutionOrderSort2 (0ms)
			AwakeInstancesAfterBackupRestoration (7ms)
Platform modules already initialized, skipping
Refreshing native plugins compatible for Editor in 1.88 ms, found 2 plugins.
Preloading 0 native plugins for Editor in 0.00 ms.
Unloading 2060 Unused Serialized files (Serialized files now loaded: 0)
Unloading 13 unused Assets / (24.6 KB). Loaded Objects now: 2593.
Memory consumption went from 105.8 MB to 105.7 MB.
Total: 3.216800 ms (FindLiveObjects: 0.262700 ms CreateObjectMapping: 0.123400 ms MarkObjects: 2.809800 ms  DeleteObjects: 0.019900 ms)

AssetImportParameters requested are different than current active one (requested -> active):
  custom:video-decoder-ogg-theora: a1e56fd34408186e4bbccfd4996cb3dc -> 
  custom:container-muxer-webm: aa71ff27fc2769a1b78a27578f13a17b -> 
  custom:container-demuxer-webm: 4f35f7cbe854078d1ac9338744f61a02 -> 
  custom:video-encoder-webm-vp8: eb34c28f22e8b96e1ab97ce403110664 -> 
  custom:audio-encoder-webm-vorbis: bf7c407c2cedff20999df2af8eb42d56 -> 
  custom:framework-win-MediaFoundation: 216162199b28c13a410421893ffa2e32 -> 
  custom:container-demuxer-ogg: 62fdf1f143b41e24485cea50d1cbac27 -> 
  custom:video-decoder-webm-vp8: 9c59270c3fd7afecdb556c50c9e8de78 -> 
  custom:audio-decoder-ogg-vorbis: bf7c407c2cedff20999df2af8eb42d56 -> 
========================================================================
Received Prepare
Registering precompiled user dll's ...
Registered in 0.004702 seconds.
Begin MonoManager ReloadAssembly
Native extension for WindowsStandalone target not found
Native extension for WebGL target not found
Refreshing native plugins compatible for Editor in 1.11 ms, found 2 plugins.
Preloading 0 native plugins for Editor in 0.00 ms.
Mono: successfully reloaded assembly
- Completed reload, in  1.040 seconds
Domain Reload Profiling:
	ReloadAssembly (1041ms)
		BeginReloadAssembly (141ms)
			ExecutionOrderSort (0ms)
			DisableScriptedObjects (6ms)
			BackupInstance (0ms)
			ReleaseScriptingObjects (0ms)
			CreateAndSetChildDomain (31ms)
		EndReloadAssembly (790ms)
			LoadAssemblies (92ms)
			RebuildTransferFunctionScriptingTraits (0ms)
			SetupTypeCache (190ms)
			ReleaseScriptCaches (1ms)
			RebuildScriptCaches (54ms)
			SetupLoadedEditorAssemblies (406ms)
				LogAssemblyErrors (0ms)
				InitializePlatformSupportModulesInManaged (19ms)
				SetLoadedEditorAssemblies (1ms)
				RefreshPlugins (1ms)
				BeforeProcessingInitializeOnLoad (67ms)
				ProcessInitializeOnLoadAttributes (278ms)
				ProcessInitializeOnLoadMethodAttributes (29ms)
				AfterProcessingInitializeOnLoad (11ms)
				EditorAssembliesLoaded (0ms)
			ExecutionOrderSort2 (0ms)
			AwakeInstancesAfterBackupRestoration (7ms)
Platform modules already initialized, skipping
Refreshing native plugins compatible for Editor in 1.98 ms, found 2 plugins.
Preloading 0 native plugins for Editor in 0.00 ms.
Unloading 2060 Unused Serialized files (Serialized files now loaded: 0)
Unloading 13 unused Assets / (24.5 KB). Loaded Objects now: 2596.
Memory consumption went from 105.8 MB to 105.8 MB.
Total: 4.836600 ms (FindLiveObjects: 0.212100 ms CreateObjectMapping: 0.070200 ms MarkObjects: 4.513600 ms  DeleteObjects: 0.039600 ms)

AssetImportParameters requested are different than current active one (requested -> active):
  custom:video-decoder-ogg-theora: a1e56fd34408186e4bbccfd4996cb3dc -> 
  custom:container-muxer-webm: aa71ff27fc2769a1b78a27578f13a17b -> 
  custom:container-demuxer-webm: 4f35f7cbe854078d1ac9338744f61a02 -> 
  custom:video-encoder-webm-vp8: eb34c28f22e8b96e1ab97ce403110664 -> 
  custom:audio-encoder-webm-vorbis: bf7c407c2cedff20999df2af8eb42d56 -> 
  custom:framework-win-MediaFoundation: 216162199b28c13a410421893ffa2e32 -> 
  custom:container-demuxer-ogg: 62fdf1f143b41e24485cea50d1cbac27 -> 
  custom:video-decoder-webm-vp8: 9c59270c3fd7afecdb556c50c9e8de78 -> 
  custom:audio-decoder-ogg-vorbis: bf7c407c2cedff20999df2af8eb42d56 -> 
========================================================================
Received Import Request.
  Time since last request: 51.370920 seconds.
  path: Assets/CharacterManager.cs
  artifactKey: Guid(aeeefe7b3b7748145bd5fb40df86094b) Importer(815301076,1909f56bfc062723c751e8b465ee728b)
Start importing Assets/CharacterManager.cs using Guid(aeeefe7b3b7748145bd5fb40df86094b) Importer(815301076,1909f56bfc062723c751e8b465ee728b)  -> (artifact id: '5dafcd207f9dee4c5539b9598ccd9b89') in 0.005167 seconds 
========================================================================
Received Import Request.
  Time since last request: 2.112254 seconds.
  path: Assets/CharacterStats.cs
  artifactKey: Guid(83e37f51ca3449b41b3fca1b84f7b076) Importer(815301076,1909f56bfc062723c751e8b465ee728b)
Start importing Assets/CharacterStats.cs using Guid(83e37f51ca3449b41b3fca1b84f7b076) Importer(815301076,1909f56bfc062723c751e8b465ee728b)  -> (artifact id: '3f0069798c11d36adbfe6706a1fd459f') in 0.002061 seconds 
========================================================================
Received Import Request.
  Time since last request: 1.214740 seconds.
  path: Assets/CombatStanceAttack.cs
  artifactKey: Guid(07f78cb12bb1a404b8d21ebc35244ce5) Importer(815301076,1909f56bfc062723c751e8b465ee728b)
Start importing Assets/CombatStanceAttack.cs using Guid(07f78cb12bb1a404b8d21ebc35244ce5) Importer(815301076,1909f56bfc062723c751e8b465ee728b)  -> (artifact id: 'f2a7d34d4568546c6a3c426fba8ac1de') in 0.002149 seconds 
========================================================================
Received Import Request.
  Time since last request: 3.461841 seconds.
  path: Assets/DamageCollider.cs
  artifactKey: Guid(af3f50fd285348748ac51266a851b33f) Importer(815301076,1909f56bfc062723c751e8b465ee728b)
Start importing Assets/DamageCollider.cs using Guid(af3f50fd285348748ac51266a851b33f) Importer(815301076,1909f56bfc062723c751e8b465ee728b)  -> (artifact id: '24f583b7cb395f34309d429c8b6d7091') in 0.001703 seconds 
========================================================================
Received Import Request.
  Time since last request: 3.208571 seconds.
  path: Assets/DamagePlayer.cs
  artifactKey: Guid(c1dc9aaf6652ad44bb004559eaf4ffc7) Importer(815301076,1909f56bfc062723c751e8b465ee728b)
Start importing Assets/DamagePlayer.cs using Guid(c1dc9aaf6652ad44bb004559eaf4ffc7) Importer(815301076,1909f56bfc062723c751e8b465ee728b)  -> (artifact id: '83cd624576d838763f8541b09c7df70b') in 0.001779 seconds 
========================================================================
Received Import Request.
  Time since last request: 2.583258 seconds.
  path: Assets/EnemyAction.cs
  artifactKey: Guid(23955353c37ee5c4680fed0a9afc5681) Importer(815301076,1909f56bfc062723c751e8b465ee728b)
Start importing Assets/EnemyAction.cs using Guid(23955353c37ee5c4680fed0a9afc5681) Importer(815301076,1909f56bfc062723c751e8b465ee728b)  -> (artifact id: '29c9080e7b5df6df2d0b064ab21c1cf8') in 0.002181 seconds 
========================================================================
Received Import Request.
  Time since last request: 1.753281 seconds.
  path: Assets/EnemyAttackAction.cs
  artifactKey: Guid(8e3b0823a7dea7a4482caba5e8a633cb) Importer(815301076,1909f56bfc062723c751e8b465ee728b)
Start importing Assets/EnemyAttackAction.cs using Guid(8e3b0823a7dea7a4482caba5e8a633cb) Importer(815301076,1909f56bfc062723c751e8b465ee728b)  -> (artifact id: '68480cc603344a18bf0147c063ec0282') in 0.001870 seconds 
========================================================================
Received Import Request.
  Time since last request: 2.030003 seconds.
  path: Assets/EnemyAnimationManager.cs
  artifactKey: Guid(dc45e73eccae76946bf0bdd5aaf6e0e8) Importer(815301076,1909f56bfc062723c751e8b465ee728b)
Start importing Assets/EnemyAnimationManager.cs using Guid(dc45e73eccae76946bf0bdd5aaf6e0e8) Importer(815301076,1909f56bfc062723c751e8b465ee728b)  -> (artifact id: '4dceb3667879da806aa1e3747102c0ae') in 0.001746 seconds 
========================================================================
Received Import Request.
  Time since last request: 6.110773 seconds.
  path: Assets/EnemyLocomotionManager.cs
  artifactKey: Guid(2d7e9d5f32dad3148a2e6203f1a2b006) Importer(815301076,1909f56bfc062723c751e8b465ee728b)
Start importing Assets/EnemyLocomotionManager.cs using Guid(2d7e9d5f32dad3148a2e6203f1a2b006) Importer(815301076,1909f56bfc062723c751e8b465ee728b)  -> (artifact id: '2459cc5b9be1f62010d38135793e268e') in 0.001839 seconds 
========================================================================
Received Import Request.
  Time since last request: 24.127047 seconds.
  path: Assets/EnemyLocomotionManager.cs
  artifactKey: Guid(2d7e9d5f32dad3148a2e6203f1a2b006) Importer(815301076,1909f56bfc062723c751e8b465ee728b)
Start importing Assets/EnemyLocomotionManager.cs using Guid(2d7e9d5f32dad3148a2e6203f1a2b006) Importer(815301076,1909f56bfc062723c751e8b465ee728b)  -> (artifact id: '3a62238e8de8372aa603f22b3974b18b') in 0.002361 seconds 
========================================================================
Received Prepare
Registering precompiled user dll's ...
Registered in 0.005020 seconds.
Begin MonoManager ReloadAssembly
Native extension for WindowsStandalone target not found
Native extension for WebGL target not found
Refreshing native plugins compatible for Editor in 0.86 ms, found 2 plugins.
Preloading 0 native plugins for Editor in 0.00 ms.
Mono: successfully reloaded assembly
- Completed reload, in  1.051 seconds
Domain Reload Profiling:
	ReloadAssembly (1051ms)
		BeginReloadAssembly (132ms)
			ExecutionOrderSort (0ms)
			DisableScriptedObjects (5ms)
			BackupInstance (0ms)
			ReleaseScriptingObjects (0ms)
			CreateAndSetChildDomain (31ms)
		EndReloadAssembly (795ms)
			LoadAssemblies (86ms)
			RebuildTransferFunctionScriptingTraits (0ms)
			SetupTypeCache (218ms)
			ReleaseScriptCaches (1ms)
			RebuildScriptCaches (40ms)
			SetupLoadedEditorAssemblies (388ms)
				LogAssemblyErrors (0ms)
				InitializePlatformSupportModulesInManaged (24ms)
				SetLoadedEditorAssemblies (1ms)
				RefreshPlugins (1ms)
				BeforeProcessingInitializeOnLoad (57ms)
				ProcessInitializeOnLoadAttributes (264ms)
				ProcessInitializeOnLoadMethodAttributes (30ms)
				AfterProcessingInitializeOnLoad (12ms)
				EditorAssembliesLoaded (0ms)
			ExecutionOrderSort2 (0ms)
			AwakeInstancesAfterBackupRestoration (8ms)
Platform modules already initialized, skipping
Refreshing native plugins compatible for Editor in 1.63 ms, found 2 plugins.
Preloading 0 native plugins for Editor in 0.00 ms.
Unloading 2060 Unused Serialized files (Serialized files now loaded: 0)
Unloading 13 unused Assets / (24.6 KB). Loaded Objects now: 2599.
Memory consumption went from 105.8 MB to 105.8 MB.
Total: 3.081500 ms (FindLiveObjects: 0.165300 ms CreateObjectMapping: 0.108300 ms MarkObjects: 2.774000 ms  DeleteObjects: 0.033100 ms)

AssetImportParameters requested are different than current active one (requested -> active):
  custom:video-decoder-ogg-theora: a1e56fd34408186e4bbccfd4996cb3dc -> 
  custom:container-muxer-webm: aa71ff27fc2769a1b78a27578f13a17b -> 
  custom:container-demuxer-webm: 4f35f7cbe854078d1ac9338744f61a02 -> 
  custom:video-encoder-webm-vp8: eb34c28f22e8b96e1ab97ce403110664 -> 
  custom:audio-encoder-webm-vorbis: bf7c407c2cedff20999df2af8eb42d56 -> 
  custom:framework-win-MediaFoundation: 216162199b28c13a410421893ffa2e32 -> 
  custom:container-demuxer-ogg: 62fdf1f143b41e24485cea50d1cbac27 -> 
  custom:video-decoder-webm-vp8: 9c59270c3fd7afecdb556c50c9e8de78 -> 
  custom:audio-decoder-ogg-vorbis: bf7c407c2cedff20999df2af8eb42d56 -> 
========================================================================
Received Import Request.
  Time since last request: 35.706173 seconds.
  path: Assets/EnemyManager.cs
  artifactKey: Guid(1ab1b8773815c514892038aa39a382db) Importer(815301076,1909f56bfc062723c751e8b465ee728b)
Start importing Assets/EnemyManager.cs using Guid(1ab1b8773815c514892038aa39a382db) Importer(815301076,1909f56bfc062723c751e8b465ee728b)  -> (artifact id: 'a88998412fc297782fa62f8538e28652') in 0.007063 seconds 
========================================================================
Received Prepare
Registering precompiled user dll's ...
Registered in 0.006285 seconds.
Begin MonoManager ReloadAssembly
Native extension for WindowsStandalone target not found
Native extension for WebGL target not found
Refreshing native plugins compatible for Editor in 0.49 ms, found 2 plugins.
Preloading 0 native plugins for Editor in 0.00 ms.
Mono: successfully reloaded assembly
- Completed reload, in  1.106 seconds
Domain Reload Profiling:
	ReloadAssembly (1107ms)
		BeginReloadAssembly (149ms)
			ExecutionOrderSort (0ms)
			DisableScriptedObjects (5ms)
			BackupInstance (0ms)
			ReleaseScriptingObjects (0ms)
			CreateAndSetChildDomain (38ms)
		EndReloadAssembly (846ms)
			LoadAssemblies (98ms)
			RebuildTransferFunctionScriptingTraits (0ms)
			SetupTypeCache (229ms)
			ReleaseScriptCaches (1ms)
			RebuildScriptCaches (36ms)
			SetupLoadedEditorAssemblies (436ms)
				LogAssemblyErrors (0ms)
				InitializePlatformSupportModulesInManaged (14ms)
				SetLoadedEditorAssemblies (1ms)
				RefreshPlugins (1ms)
				BeforeProcessingInitializeOnLoad (63ms)
				ProcessInitializeOnLoadAttributes (320ms)
				ProcessInitializeOnLoadMethodAttributes (26ms)
				AfterProcessingInitializeOnLoad (11ms)
				EditorAssembliesLoaded (0ms)
			ExecutionOrderSort2 (0ms)
			AwakeInstancesAfterBackupRestoration (6ms)
Platform modules already initialized, skipping
Refreshing native plugins compatible for Editor in 1.60 ms, found 2 plugins.
Preloading 0 native plugins for Editor in 0.00 ms.
Unloading 2060 Unused Serialized files (Serialized files now loaded: 0)
Unloading 13 unused Assets / (24.7 KB). Loaded Objects now: 2602.
Memory consumption went from 105.7 MB to 105.7 MB.
Total: 2.876900 ms (FindLiveObjects: 0.227500 ms CreateObjectMapping: 0.104300 ms MarkObjects: 2.510500 ms  DeleteObjects: 0.033700 ms)

AssetImportParameters requested are different than current active one (requested -> active):
  custom:video-decoder-ogg-theora: a1e56fd34408186e4bbccfd4996cb3dc -> 
  custom:container-muxer-webm: aa71ff27fc2769a1b78a27578f13a17b -> 
  custom:container-demuxer-webm: 4f35f7cbe854078d1ac9338744f61a02 -> 
  custom:video-encoder-webm-vp8: eb34c28f22e8b96e1ab97ce403110664 -> 
  custom:audio-encoder-webm-vorbis: bf7c407c2cedff20999df2af8eb42d56 -> 
  custom:framework-win-MediaFoundation: 216162199b28c13a410421893ffa2e32 -> 
  custom:container-demuxer-ogg: 62fdf1f143b41e24485cea50d1cbac27 -> 
  custom:video-decoder-webm-vp8: 9c59270c3fd7afecdb556c50c9e8de78 -> 
  custom:audio-decoder-ogg-vorbis: bf7c407c2cedff20999df2af8eb42d56 -> 
========================================================================
Received Import Request.
  Time since last request: 5.029316 seconds.
  path: Assets/EnemyStats.cs
  artifactKey: Guid(3793772184fb6884bbe1181641527b67) Importer(815301076,1909f56bfc062723c751e8b465ee728b)
Start importing Assets/EnemyStats.cs using Guid(3793772184fb6884bbe1181641527b67) Importer(815301076,1909f56bfc062723c751e8b465ee728b)  -> (artifact id: '724b434e1fbe8c9415f8b36e44d97910') in 0.004926 seconds 
========================================================================
Received Import Request.
  Time since last request: 25.788637 seconds.
  path: Assets/EnemyStats.cs
  artifactKey: Guid(3793772184fb6884bbe1181641527b67) Importer(815301076,1909f56bfc062723c751e8b465ee728b)
Start importing Assets/EnemyStats.cs using Guid(3793772184fb6884bbe1181641527b67) Importer(815301076,1909f56bfc062723c751e8b465ee728b)  -> (artifact id: '6cd1a03dd693e12e3e592f2c20f7b267') in 0.003745 seconds 
========================================================================
Received Prepare
Registering precompiled user dll's ...
Registered in 0.004445 seconds.
Begin MonoManager ReloadAssembly
Native extension for WindowsStandalone target not found
Native extension for WebGL target not found
Refreshing native plugins compatible for Editor in 0.50 ms, found 2 plugins.
Preloading 0 native plugins for Editor in 0.00 ms.
Mono: successfully reloaded assembly
- Completed reload, in  1.094 seconds
Domain Reload Profiling:
	ReloadAssembly (1095ms)
		BeginReloadAssembly (128ms)
			ExecutionOrderSort (0ms)
			DisableScriptedObjects (6ms)
			BackupInstance (0ms)
			ReleaseScriptingObjects (0ms)
			CreateAndSetChildDomain (28ms)
		EndReloadAssembly (855ms)
			LoadAssemblies (86ms)
			RebuildTransferFunctionScriptingTraits (0ms)
			SetupTypeCache (225ms)
			ReleaseScriptCaches (1ms)
			RebuildScriptCaches (51ms)
			SetupLoadedEditorAssemblies (407ms)
				LogAssemblyErrors (0ms)
				InitializePlatformSupportModulesInManaged (17ms)
				SetLoadedEditorAssemblies (0ms)
				RefreshPlugins (1ms)
				BeforeProcessingInitializeOnLoad (66ms)
				ProcessInitializeOnLoadAttributes (280ms)
				ProcessInitializeOnLoadMethodAttributes (29ms)
				AfterProcessingInitializeOnLoad (13ms)
				EditorAssembliesLoaded (0ms)
			ExecutionOrderSort2 (0ms)
			AwakeInstancesAfterBackupRestoration (7ms)
Platform modules already initialized, skipping
Refreshing native plugins compatible for Editor in 1.86 ms, found 2 plugins.
Preloading 0 native plugins for Editor in 0.00 ms.
Unloading 2060 Unused Serialized files (Serialized files now loaded: 0)
Unloading 13 unused Assets / (24.6 KB). Loaded Objects now: 2605.
Memory consumption went from 105.7 MB to 105.7 MB.
Total: 3.079900 ms (FindLiveObjects: 0.211500 ms CreateObjectMapping: 0.090900 ms MarkObjects: 2.738800 ms  DeleteObjects: 0.037600 ms)

AssetImportParameters requested are different than current active one (requested -> active):
  custom:video-decoder-ogg-theora: a1e56fd34408186e4bbccfd4996cb3dc -> 
  custom:container-muxer-webm: aa71ff27fc2769a1b78a27578f13a17b -> 
  custom:container-demuxer-webm: 4f35f7cbe854078d1ac9338744f61a02 -> 
  custom:video-encoder-webm-vp8: eb34c28f22e8b96e1ab97ce403110664 -> 
  custom:audio-encoder-webm-vorbis: bf7c407c2cedff20999df2af8eb42d56 -> 
  custom:framework-win-MediaFoundation: 216162199b28c13a410421893ffa2e32 -> 
  custom:container-demuxer-ogg: 62fdf1f143b41e24485cea50d1cbac27 -> 
  custom:video-decoder-webm-vp8: 9c59270c3fd7afecdb556c50c9e8de78 -> 
  custom:audio-decoder-ogg-vorbis: bf7c407c2cedff20999df2af8eb42d56 -> 
========================================================================
Received Import Request.
  Time since last request: 6.116930 seconds.
  path: Assets/EnemyWeaponSlotManager.cs
  artifactKey: Guid(ba777c0f336f83247aa8fb86d3baaef3) Importer(815301076,1909f56bfc062723c751e8b465ee728b)
Start importing Assets/EnemyWeaponSlotManager.cs using Guid(ba777c0f336f83247aa8fb86d3baaef3) Importer(815301076,1909f56bfc062723c751e8b465ee728b)  -> (artifact id: '0e72deabc0604dc91d3aff73417fb93d') in 0.004392 seconds 
========================================================================
Received Import Request.
  Time since last request: 8.266803 seconds.
  path: Assets/EnemyWeaponSlotManager.cs
  artifactKey: Guid(ba777c0f336f83247aa8fb86d3baaef3) Importer(815301076,1909f56bfc062723c751e8b465ee728b)
Start importing Assets/EnemyWeaponSlotManager.cs using Guid(ba777c0f336f83247aa8fb86d3baaef3) Importer(815301076,1909f56bfc062723c751e8b465ee728b)  -> (artifact id: '28f54aae08ce07929f0e16389e66ff7a') in 0.002153 seconds 
========================================================================
Received Prepare
Registering precompiled user dll's ...
Registered in 0.005378 seconds.
Begin MonoManager ReloadAssembly
Native extension for WindowsStandalone target not found
Native extension for WebGL target not found
Refreshing native plugins compatible for Editor in 0.47 ms, found 2 plugins.
Preloading 0 native plugins for Editor in 0.00 ms.
Mono: successfully reloaded assembly
- Completed reload, in  1.044 seconds
Domain Reload Profiling:
	ReloadAssembly (1045ms)
		BeginReloadAssembly (139ms)
			ExecutionOrderSort (0ms)
			DisableScriptedObjects (5ms)
			BackupInstance (0ms)
			ReleaseScriptingObjects (0ms)
			CreateAndSetChildDomain (33ms)
		EndReloadAssembly (797ms)
			LoadAssemblies (89ms)
			RebuildTransferFunctionScriptingTraits (0ms)
			SetupTypeCache (222ms)
			ReleaseScriptCaches (1ms)
			RebuildScriptCaches (39ms)
			SetupLoadedEditorAssemblies (402ms)
				LogAssemblyErrors (0ms)
				InitializePlatformSupportModulesInManaged (18ms)
				SetLoadedEditorAssemblies (0ms)
				RefreshPlugins (1ms)
				BeforeProcessingInitializeOnLoad (55ms)
				ProcessInitializeOnLoadAttributes (287ms)
				ProcessInitializeOnLoadMethodAttributes (28ms)
				AfterProcessingInitializeOnLoad (13ms)
				EditorAssembliesLoaded (0ms)
			ExecutionOrderSort2 (0ms)
			AwakeInstancesAfterBackupRestoration (7ms)
Platform modules already initialized, skipping
Refreshing native plugins compatible for Editor in 1.51 ms, found 2 plugins.
Preloading 0 native plugins for Editor in 0.00 ms.
Unloading 2060 Unused Serialized files (Serialized files now loaded: 0)
Unloading 13 unused Assets / (24.6 KB). Loaded Objects now: 2608.
Memory consumption went from 105.7 MB to 105.7 MB.
Total: 2.758700 ms (FindLiveObjects: 0.157000 ms CreateObjectMapping: 0.063500 ms MarkObjects: 2.489700 ms  DeleteObjects: 0.048000 ms)

AssetImportParameters requested are different than current active one (requested -> active):
  custom:video-decoder-ogg-theora: a1e56fd34408186e4bbccfd4996cb3dc -> 
  custom:container-muxer-webm: aa71ff27fc2769a1b78a27578f13a17b -> 
  custom:container-demuxer-webm: 4f35f7cbe854078d1ac9338744f61a02 -> 
  custom:video-encoder-webm-vp8: eb34c28f22e8b96e1ab97ce403110664 -> 
  custom:audio-encoder-webm-vorbis: bf7c407c2cedff20999df2af8eb42d56 -> 
  custom:framework-win-MediaFoundation: 216162199b28c13a410421893ffa2e32 -> 
  custom:container-demuxer-ogg: 62fdf1f143b41e24485cea50d1cbac27 -> 
  custom:video-decoder-webm-vp8: 9c59270c3fd7afecdb556c50c9e8de78 -> 
  custom:audio-decoder-ogg-vorbis: bf7c407c2cedff20999df2af8eb42d56 -> 
========================================================================
Received Import Request.
  Time since last request: 7.020337 seconds.
  path: Assets/GameManager.cs
  artifactKey: Guid(a9431c303e8d36641befbe3f951ad2ae) Importer(815301076,1909f56bfc062723c751e8b465ee728b)
Start importing Assets/GameManager.cs using Guid(a9431c303e8d36641befbe3f951ad2ae) Importer(815301076,1909f56bfc062723c751e8b465ee728b)  -> (artifact id: '42e33bb16a5df257035962f094e21ef0') in 0.004930 seconds 
========================================================================
Received Import Request.
  Time since last request: 8.496486 seconds.
  path: Assets/HealthBar.cs
  artifactKey: Guid(522a2243990e313469b6f62985711608) Importer(815301076,1909f56bfc062723c751e8b465ee728b)
Start importing Assets/HealthBar.cs using Guid(522a2243990e313469b6f62985711608) Importer(815301076,1909f56bfc062723c751e8b465ee728b)  -> (artifact id: '2c15617795186aa78c981edd1dd697b2') in 0.002028 seconds 
========================================================================
Received Import Request.
  Time since last request: 3.236593 seconds.
  path: Assets/IdleState.cs
  artifactKey: Guid(66e023ee38390014fa642d22b5297902) Importer(815301076,1909f56bfc062723c751e8b465ee728b)
Start importing Assets/IdleState.cs using Guid(66e023ee38390014fa642d22b5297902) Importer(815301076,1909f56bfc062723c751e8b465ee728b)  -> (artifact id: '3d6442cc61e678b31cf95db5781f9e65') in 0.001868 seconds 
========================================================================
Received Import Request.
  Time since last request: 4.428194 seconds.
  path: Assets/InputHandler.cs
  artifactKey: Guid(cb84f768db096cb4e8a6a0ad02c6157b) Importer(815301076,1909f56bfc062723c751e8b465ee728b)
Start importing Assets/InputHandler.cs using Guid(cb84f768db096cb4e8a6a0ad02c6157b) Importer(815301076,1909f56bfc062723c751e8b465ee728b)  -> (artifact id: 'e1a8e4f657609edb0e7c22787da36c90') in 0.003498 seconds 
========================================================================
Received Import Request.
  Time since last request: 9.345615 seconds.
  path: Assets/Item.cs
  artifactKey: Guid(85c5c1d61fdad054593f3f569f503171) Importer(815301076,1909f56bfc062723c751e8b465ee728b)
Start importing Assets/Item.cs using Guid(85c5c1d61fdad054593f3f569f503171) Importer(815301076,1909f56bfc062723c751e8b465ee728b)  -> (artifact id: 'cbce140a0100420cb144d079c2985f1c') in 0.001499 seconds 
========================================================================
Received Import Request.
  Time since last request: 3.627074 seconds.
  path: Assets/PlayerAttacker.cs
  artifactKey: Guid(0eb7c597599c78143bc59b0142d12de3) Importer(815301076,1909f56bfc062723c751e8b465ee728b)
Start importing Assets/PlayerAttacker.cs using Guid(0eb7c597599c78143bc59b0142d12de3) Importer(815301076,1909f56bfc062723c751e8b465ee728b)  -> (artifact id: 'a6ad9702aee5441b63483848e021aa2e') in 0.001927 seconds 
========================================================================
Received Import Request.
  Time since last request: 2.983064 seconds.
  path: Assets/PlayerControls.cs
  artifactKey: Guid(23667bfae7060c74f96db6d0a4976b4e) Importer(815301076,1909f56bfc062723c751e8b465ee728b)
Start importing Assets/PlayerControls.cs using Guid(23667bfae7060c74f96db6d0a4976b4e) Importer(815301076,1909f56bfc062723c751e8b465ee728b)  -> (artifact id: '8caea35ec67f76cf0a505cedcec00246') in 0.001582 seconds 
========================================================================
Received Import Request.
  Time since last request: 25.130588 seconds.
  path: Assets/PlayerInventory.cs
  artifactKey: Guid(52d21bb55a1b98b4888d5cdff0a94c41) Importer(815301076,1909f56bfc062723c751e8b465ee728b)
Start importing Assets/PlayerInventory.cs using Guid(52d21bb55a1b98b4888d5cdff0a94c41) Importer(815301076,1909f56bfc062723c751e8b465ee728b)  -> (artifact id: 'fcd5563df0268b879f8caebdacaf4e2e') in 0.001655 seconds 
========================================================================
Received Import Request.
  Time since last request: 3.221239 seconds.
  path: Assets/PlayerLocomotion.cs
  artifactKey: Guid(bfab6782eb8146149926c10184fe7ca1) Importer(815301076,1909f56bfc062723c751e8b465ee728b)
Start importing Assets/PlayerLocomotion.cs using Guid(bfab6782eb8146149926c10184fe7ca1) Importer(815301076,1909f56bfc062723c751e8b465ee728b)  -> (artifact id: '743ff3883063ab18ecaa36b06cec108a') in 0.002145 seconds 
========================================================================
Received Import Request.
  Time since last request: 8.706561 seconds.
  path: Assets/PlayerManager.cs
  artifactKey: Guid(8739aa864bcdf434caa6399cde973aa2) Importer(815301076,1909f56bfc062723c751e8b465ee728b)
Start importing Assets/PlayerManager.cs using Guid(8739aa864bcdf434caa6399cde973aa2) Importer(815301076,1909f56bfc062723c751e8b465ee728b)  -> (artifact id: '6aa8e3a87eece569c09814e64ed101d3') in 0.001721 seconds 
========================================================================
Received Import Request.
  Time since last request: 4.127998 seconds.
  path: Assets/PlayerStats.cs
  artifactKey: Guid(b292e8e63bd4d9b4c8817257a9380f49) Importer(815301076,1909f56bfc062723c751e8b465ee728b)
Start importing Assets/PlayerStats.cs using Guid(b292e8e63bd4d9b4c8817257a9380f49) Importer(815301076,1909f56bfc062723c751e8b465ee728b)  -> (artifact id: '9fa16bd3fba876007bb407bc9239f24c') in 0.003825 seconds 
========================================================================
Received Import Request.
  Time since last request: 40.786272 seconds.
  path: Assets/PursueAttackState.cs
  artifactKey: Guid(6313cc4c031253947ae820c9917269f9) Importer(815301076,1909f56bfc062723c751e8b465ee728b)
Start importing Assets/PursueAttackState.cs using Guid(6313cc4c031253947ae820c9917269f9) Importer(815301076,1909f56bfc062723c751e8b465ee728b)  -> (artifact id: '89c441c35e5288324a447f167a153992') in 0.001780 seconds 
========================================================================
Received Import Request.
  Time since last request: 13.094052 seconds.
  path: Assets/ResetAnimatorBool.cs
  artifactKey: Guid(b2da4e5535ec96f458cf396cee59360c) Importer(815301076,1909f56bfc062723c751e8b465ee728b)
Start importing Assets/ResetAnimatorBool.cs using Guid(b2da4e5535ec96f458cf396cee59360c) Importer(815301076,1909f56bfc062723c751e8b465ee728b)  -> (artifact id: '25088e24d47819e07e527537780fe3c3') in 0.002004 seconds 
========================================================================
Received Import Request.
  Time since last request: 8.007905 seconds.
  path: Assets/sc.cs
  artifactKey: Guid(ed14c22efda83fc46835f102c0583812) Importer(815301076,1909f56bfc062723c751e8b465ee728b)
Start importing Assets/sc.cs using Guid(ed14c22efda83fc46835f102c0583812) Importer(815301076,1909f56bfc062723c751e8b465ee728b)  -> (artifact id: '5b83e35fc898a14e328945a12add10ad') in 0.001971 seconds 
========================================================================
Received Import Request.
  Time since last request: 10.967876 seconds.
  path: Assets/StaminaBar.cs
  artifactKey: Guid(0c6e417e6fa09884897258b4fbd08d0d) Importer(815301076,1909f56bfc062723c751e8b465ee728b)
Start importing Assets/StaminaBar.cs using Guid(0c6e417e6fa09884897258b4fbd08d0d) Importer(815301076,1909f56bfc062723c751e8b465ee728b)  -> (artifact id: 'ee58d3dcf22baf3c657e2dee99491327') in 0.001860 seconds 
========================================================================
Received Import Request.
  Time since last request: 3.529412 seconds.
  path: Assets/State.cs
  artifactKey: Guid(b247c40f8fa9d4142884f30588f501e0) Importer(815301076,1909f56bfc062723c751e8b465ee728b)
Start importing Assets/State.cs using Guid(b247c40f8fa9d4142884f30588f501e0) Importer(815301076,1909f56bfc062723c751e8b465ee728b)  -> (artifact id: 'd38bf8316f7775d32beaa2f14b9ebe27') in 0.001478 seconds 
========================================================================
Received Import Request.
  Time since last request: 3.486974 seconds.
  path: Assets/WeaponHolderSlot.cs
  artifactKey: Guid(9b287e2f4e4ec3d4190e7886eaa93cae) Importer(815301076,1909f56bfc062723c751e8b465ee728b)
Start importing Assets/WeaponHolderSlot.cs using Guid(9b287e2f4e4ec3d4190e7886eaa93cae) Importer(815301076,1909f56bfc062723c751e8b465ee728b)  -> (artifact id: 'f0d7879c2a65e7f6dfaf2784d589a29d') in 0.001459 seconds 
========================================================================
Received Import Request.
  Time since last request: 18.550805 seconds.
  path: Assets/WeaponItem.cs
  artifactKey: Guid(891a9d7f0b16600499274ca6f635c872) Importer(815301076,1909f56bfc062723c751e8b465ee728b)
Start importing Assets/WeaponItem.cs using Guid(891a9d7f0b16600499274ca6f635c872) Importer(815301076,1909f56bfc062723c751e8b465ee728b)  -> (artifact id: '6e19732778ac6902d8913bb2c7f25d87') in 0.001927 seconds 
========================================================================
Received Import Request.
  Time since last request: 3.241821 seconds.
  path: Assets/WeaponSlotManager.cs
  artifactKey: Guid(fd89574eb8f0f35419e5e1ab8b9109d4) Importer(815301076,1909f56bfc062723c751e8b465ee728b)
Start importing Assets/WeaponSlotManager.cs using Guid(fd89574eb8f0f35419e5e1ab8b9109d4) Importer(815301076,1909f56bfc062723c751e8b465ee728b)  -> (artifact id: '417b3722b5296cb36b8c535df92cd2ec') in 0.001839 seconds 
========================================================================
Received Import Request.
  Time since last request: 26.838759 seconds.
  path: Assets/WeaponSlotManager.cs
  artifactKey: Guid(fd89574eb8f0f35419e5e1ab8b9109d4) Importer(815301076,1909f56bfc062723c751e8b465ee728b)
Start importing Assets/WeaponSlotManager.cs using Guid(fd89574eb8f0f35419e5e1ab8b9109d4) Importer(815301076,1909f56bfc062723c751e8b465ee728b)  -> (artifact id: '753557e0839197cecc212042ad8a9d01') in 0.001339 seconds 
========================================================================
Received Prepare
Registering precompiled user dll's ...
Registered in 0.006784 seconds.
Begin MonoManager ReloadAssembly
Native extension for WindowsStandalone target not found
Native extension for WebGL target not found
Refreshing native plugins compatible for Editor in 0.53 ms, found 2 plugins.
Preloading 0 native plugins for Editor in 0.00 ms.
Mono: successfully reloaded assembly
- Completed reload, in  1.199 seconds
Domain Reload Profiling:
	ReloadAssembly (1199ms)
		BeginReloadAssembly (176ms)
			ExecutionOrderSort (0ms)
			DisableScriptedObjects (6ms)
			BackupInstance (0ms)
			ReleaseScriptingObjects (0ms)
			CreateAndSetChildDomain (36ms)
		EndReloadAssembly (895ms)
			LoadAssemblies (119ms)
			RebuildTransferFunctionScriptingTraits (0ms)
			SetupTypeCache (237ms)
			ReleaseScriptCaches (1ms)
			RebuildScriptCaches (55ms)
			SetupLoadedEditorAssemblies (440ms)
				LogAssemblyErrors (0ms)
				InitializePlatformSupportModulesInManaged (21ms)
				SetLoadedEditorAssemblies (1ms)
				RefreshPlugins (1ms)
				BeforeProcessingInitializeOnLoad (85ms)
				ProcessInitializeOnLoadAttributes (282ms)
				ProcessInitializeOnLoadMethodAttributes (40ms)
				AfterProcessingInitializeOnLoad (11ms)
				EditorAssembliesLoaded (0ms)
			ExecutionOrderSort2 (0ms)
			AwakeInstancesAfterBackupRestoration (7ms)
Platform modules already initialized, skipping
Refreshing native plugins compatible for Editor in 1.69 ms, found 2 plugins.
Preloading 0 native plugins for Editor in 0.00 ms.
Unloading 2060 Unused Serialized files (Serialized files now loaded: 0)
Unloading 13 unused Assets / (24.7 KB). Loaded Objects now: 2611.
Memory consumption went from 105.8 MB to 105.8 MB.
Total: 3.892800 ms (FindLiveObjects: 0.211700 ms CreateObjectMapping: 0.134900 ms MarkObjects: 3.515200 ms  DeleteObjects: 0.029900 ms)

AssetImportParameters requested are different than current active one (requested -> active):
  custom:video-decoder-ogg-theora: a1e56fd34408186e4bbccfd4996cb3dc -> 
  custom:container-muxer-webm: aa71ff27fc2769a1b78a27578f13a17b -> 
  custom:container-demuxer-webm: 4f35f7cbe854078d1ac9338744f61a02 -> 
  custom:video-encoder-webm-vp8: eb34c28f22e8b96e1ab97ce403110664 -> 
  custom:audio-encoder-webm-vorbis: bf7c407c2cedff20999df2af8eb42d56 -> 
  custom:framework-win-MediaFoundation: 216162199b28c13a410421893ffa2e32 -> 
  custom:container-demuxer-ogg: 62fdf1f143b41e24485cea50d1cbac27 -> 
  custom:video-decoder-webm-vp8: 9c59270c3fd7afecdb556c50c9e8de78 -> 
  custom:audio-decoder-ogg-vorbis: bf7c407c2cedff20999df2af8eb42d56 -> 
========================================================================
Received Prepare
Registering precompiled user dll's ...
Registered in 0.004358 seconds.
Begin MonoManager ReloadAssembly
Native extension for WindowsStandalone target not found
Native extension for WebGL target not found
Refreshing native plugins compatible for Editor in 0.79 ms, found 2 plugins.
Preloading 0 native plugins for Editor in 0.00 ms.
Mono: successfully reloaded assembly
- Completed reload, in  0.969 seconds
Domain Reload Profiling:
	ReloadAssembly (970ms)
		BeginReloadAssembly (129ms)
			ExecutionOrderSort (0ms)
			DisableScriptedObjects (5ms)
			BackupInstance (0ms)
			ReleaseScriptingObjects (0ms)
			CreateAndSetChildDomain (29ms)
		EndReloadAssembly (738ms)
			LoadAssemblies (82ms)
			RebuildTransferFunctionScriptingTraits (0ms)
			SetupTypeCache (183ms)
			ReleaseScriptCaches (1ms)
			RebuildScriptCaches (47ms)
			SetupLoadedEditorAssemblies (368ms)
				LogAssemblyErrors (0ms)
				InitializePlatformSupportModulesInManaged (19ms)
				SetLoadedEditorAssemblies (1ms)
				RefreshPlugins (1ms)
				BeforeProcessingInitializeOnLoad (58ms)
				ProcessInitializeOnLoadAttributes (248ms)
				ProcessInitializeOnLoadMethodAttributes (30ms)
				AfterProcessingInitializeOnLoad (11ms)
				EditorAssembliesLoaded (0ms)
			ExecutionOrderSort2 (0ms)
			AwakeInstancesAfterBackupRestoration (7ms)
Platform modules already initialized, skipping
Refreshing native plugins compatible for Editor in 1.72 ms, found 2 plugins.
Preloading 0 native plugins for Editor in 0.00 ms.
Unloading 2060 Unused Serialized files (Serialized files now loaded: 0)
Unloading 13 unused Assets / (24.7 KB). Loaded Objects now: 2614.
Memory consumption went from 105.8 MB to 105.8 MB.
Total: 4.058100 ms (FindLiveObjects: 0.238500 ms CreateObjectMapping: 0.129500 ms MarkObjects: 3.654400 ms  DeleteObjects: 0.034900 ms)

AssetImportParameters requested are different than current active one (requested -> active):
  custom:video-decoder-ogg-theora: a1e56fd34408186e4bbccfd4996cb3dc -> 
  custom:container-muxer-webm: aa71ff27fc2769a1b78a27578f13a17b -> 
  custom:container-demuxer-webm: 4f35f7cbe854078d1ac9338744f61a02 -> 
  custom:video-encoder-webm-vp8: eb34c28f22e8b96e1ab97ce403110664 -> 
  custom:audio-encoder-webm-vorbis: bf7c407c2cedff20999df2af8eb42d56 -> 
  custom:framework-win-MediaFoundation: 216162199b28c13a410421893ffa2e32 -> 
  custom:container-demuxer-ogg: 62fdf1f143b41e24485cea50d1cbac27 -> 
  custom:video-decoder-webm-vp8: 9c59270c3fd7afecdb556c50c9e8de78 -> 
  custom:audio-decoder-ogg-vorbis: bf7c407c2cedff20999df2af8eb42d56 -> 
========================================================================
Received Import Request.
  Time since last request: 136.028504 seconds.
  path: Assets/WeaponSlotManager.cs
  artifactKey: Guid(fd89574eb8f0f35419e5e1ab8b9109d4) Importer(815301076,1909f56bfc062723c751e8b465ee728b)
Start importing Assets/WeaponSlotManager.cs using Guid(fd89574eb8f0f35419e5e1ab8b9109d4) Importer(815301076,1909f56bfc062723c751e8b465ee728b)  -> (artifact id: '707cf87cfb631172aa0ad629218c6ab2') in 0.005638 seconds 
========================================================================
Received Import Request.
  Time since last request: 73.997280 seconds.
  path: Assets/WeaponSlotManager.cs
  artifactKey: Guid(fd89574eb8f0f35419e5e1ab8b9109d4) Importer(815301076,1909f56bfc062723c751e8b465ee728b)
Start importing Assets/WeaponSlotManager.cs using Guid(fd89574eb8f0f35419e5e1ab8b9109d4) Importer(815301076,1909f56bfc062723c751e8b465ee728b)  -> (artifact id: 'b8631235754d40c10139b81509ec8133') in 0.001756 seconds 
========================================================================
Received Prepare
Registering precompiled user dll's ...
Registered in 0.004064 seconds.
Begin MonoManager ReloadAssembly
Native extension for WindowsStandalone target not found
Native extension for WebGL target not found
Refreshing native plugins compatible for Editor in 0.47 ms, found 2 plugins.
Preloading 0 native plugins for Editor in 0.00 ms.
Mono: successfully reloaded assembly
- Completed reload, in  1.080 seconds
Domain Reload Profiling:
	ReloadAssembly (1081ms)
		BeginReloadAssembly (153ms)
			ExecutionOrderSort (0ms)
			DisableScriptedObjects (6ms)
			BackupInstance (0ms)
			ReleaseScriptingObjects (0ms)
			CreateAndSetChildDomain (39ms)
		EndReloadAssembly (816ms)
			LoadAssemblies (93ms)
			RebuildTransferFunctionScriptingTraits (0ms)
			SetupTypeCache (211ms)
			ReleaseScriptCaches (1ms)
			RebuildScriptCaches (41ms)
			SetupLoadedEditorAssemblies (431ms)
				LogAssemblyErrors (0ms)
				InitializePlatformSupportModulesInManaged (16ms)
				SetLoadedEditorAssemblies (1ms)
				RefreshPlugins (1ms)
				BeforeProcessingInitializeOnLoad (76ms)
				ProcessInitializeOnLoadAttributes (290ms)
				ProcessInitializeOnLoadMethodAttributes (36ms)
				AfterProcessingInitializeOnLoad (13ms)
				EditorAssembliesLoaded (0ms)
			ExecutionOrderSort2 (0ms)
			AwakeInstancesAfterBackupRestoration (6ms)
Platform modules already initialized, skipping
Refreshing native plugins compatible for Editor in 1.61 ms, found 2 plugins.
Preloading 0 native plugins for Editor in 0.00 ms.
Unloading 2060 Unused Serialized files (Serialized files now loaded: 0)
Unloading 13 unused Assets / (24.7 KB). Loaded Objects now: 2617.
Memory consumption went from 105.8 MB to 105.8 MB.
Total: 2.823200 ms (FindLiveObjects: 0.154100 ms CreateObjectMapping: 0.060300 ms MarkObjects: 2.589900 ms  DeleteObjects: 0.018400 ms)

AssetImportParameters requested are different than current active one (requested -> active):
  custom:video-decoder-ogg-theora: a1e56fd34408186e4bbccfd4996cb3dc -> 
  custom:container-muxer-webm: aa71ff27fc2769a1b78a27578f13a17b -> 
  custom:container-demuxer-webm: 4f35f7cbe854078d1ac9338744f61a02 -> 
  custom:video-encoder-webm-vp8: eb34c28f22e8b96e1ab97ce403110664 -> 
  custom:audio-encoder-webm-vorbis: bf7c407c2cedff20999df2af8eb42d56 -> 
  custom:framework-win-MediaFoundation: 216162199b28c13a410421893ffa2e32 -> 
  custom:container-demuxer-ogg: 62fdf1f143b41e24485cea50d1cbac27 -> 
  custom:video-decoder-webm-vp8: 9c59270c3fd7afecdb556c50c9e8de78 -> 
  custom:audio-decoder-ogg-vorbis: bf7c407c2cedff20999df2af8eb42d56 -> 
========================================================================
Received Prepare
Registering precompiled user dll's ...
Registered in 0.004473 seconds.
Begin MonoManager ReloadAssembly
Native extension for WindowsStandalone target not found
Native extension for WebGL target not found
Refreshing native plugins compatible for Editor in 0.91 ms, found 2 plugins.
Preloading 0 native plugins for Editor in 0.00 ms.
Mono: successfully reloaded assembly
- Completed reload, in  1.042 seconds
Domain Reload Profiling:
	ReloadAssembly (1043ms)
		BeginReloadAssembly (146ms)
			ExecutionOrderSort (0ms)
			DisableScriptedObjects (7ms)
			BackupInstance (0ms)
			ReleaseScriptingObjects (0ms)
			CreateAndSetChildDomain (31ms)
		EndReloadAssembly (786ms)
			LoadAssemblies (93ms)
			RebuildTransferFunctionScriptingTraits (0ms)
			SetupTypeCache (206ms)
			ReleaseScriptCaches (1ms)
			RebuildScriptCaches (50ms)
			SetupLoadedEditorAssemblies (395ms)
				LogAssemblyErrors (0ms)
				InitializePlatformSupportModulesInManaged (17ms)
				SetLoadedEditorAssemblies (1ms)
				RefreshPlugins (1ms)
				BeforeProcessingInitializeOnLoad (59ms)
				ProcessInitializeOnLoadAttributes (277ms)
				ProcessInitializeOnLoadMethodAttributes (27ms)
				AfterProcessingInitializeOnLoad (12ms)
				EditorAssembliesLoaded (0ms)
			ExecutionOrderSort2 (0ms)
			AwakeInstancesAfterBackupRestoration (7ms)
Platform modules already initialized, skipping
Refreshing native plugins compatible for Editor in 2.54 ms, found 2 plugins.
Preloading 0 native plugins for Editor in 0.00 ms.
Unloading 2060 Unused Serialized files (Serialized files now loaded: 0)
Unloading 13 unused Assets / (24.7 KB). Loaded Objects now: 2620.
Memory consumption went from 105.8 MB to 105.8 MB.
Total: 3.026300 ms (FindLiveObjects: 0.175300 ms CreateObjectMapping: 0.067200 ms MarkObjects: 2.758700 ms  DeleteObjects: 0.023900 ms)

AssetImportParameters requested are different than current active one (requested -> active):
  custom:video-decoder-ogg-theora: a1e56fd34408186e4bbccfd4996cb3dc -> 
  custom:container-muxer-webm: aa71ff27fc2769a1b78a27578f13a17b -> 
  custom:container-demuxer-webm: 4f35f7cbe854078d1ac9338744f61a02 -> 
  custom:video-encoder-webm-vp8: eb34c28f22e8b96e1ab97ce403110664 -> 
  custom:audio-encoder-webm-vorbis: bf7c407c2cedff20999df2af8eb42d56 -> 
  custom:framework-win-MediaFoundation: 216162199b28c13a410421893ffa2e32 -> 
  custom:container-demuxer-ogg: 62fdf1f143b41e24485cea50d1cbac27 -> 
  custom:video-decoder-webm-vp8: 9c59270c3fd7afecdb556c50c9e8de78 -> 
  custom:audio-decoder-ogg-vorbis: bf7c407c2cedff20999df2af8eb42d56 -> 
